<?xml version="1.0" encoding="UTF-8" ?>
<testsuite errors="0" failures="1" hostname="DESKTOP-V87AB38" name="marauroa.common.game.RPObjectTest" skipped="0" tests="19" time="0.035" timestamp="2016-06-01T15:29:50">
  <properties>
    <property name="junit_jar" value="libs/junit-4.4.jar" />
    <property name="java.vendor" value="Oracle Corporation" />
    <property name="log4j_jar" value="libs/log4j.jar" />
    <property name="sun.java.launcher" value="SUN_STANDARD" />
    <property name="sun.management.compiler" value="HotSpot 64-Bit Tiered Compilers" />
    <property name="dist" value="dist" />
    <property name="os.name" value="Windows 10" />
    <property name="jetty_continuation_jar" value="libs/jetty-continuation-7.1.6.v20100715.jar" />
    <property name="sun.boot.class.path" value="C:\Program Files\Java\jdk1.8.0_77\jre\lib\resources.jar;C:\Program Files\Java\jdk1.8.0_77\jre\lib\rt.jar;C:\Program Files\Java\jdk1.8.0_77\jre\lib\sunrsasign.jar;C:\Program Files\Java\jdk1.8.0_77\jre\lib\jsse.jar;C:\Program Files\Java\jdk1.8.0_77\jre\lib\jce.jar;C:\Program Files\Java\jdk1.8.0_77\jre\lib\charsets.jar;C:\Program Files\Java\jdk1.8.0_77\jre\lib\jfr.jar;C:\Program Files\Java\jdk1.8.0_77\jre\classes" />
    <property name="sun.desktop" value="windows" />
    <property name="java.vm.specification.vendor" value="Oracle Corporation" />
    <property name="ant.home" value="C:\Program Files\apache-ant-1.9.7\bin\.." />
    <property name="java.runtime.version" value="1.8.0_77-b03" />
    <property name="build-tests" value="build/tests" />
    <property name="user.name" value="anjab" />
    <property name="jetty_xml_jar" value="libs/jetty-xml-7.1.6.v20100715.jar" />
    <property name="jetty_server_jar" value="libs/jetty-server-7.1.6.v20100715.jar" />
    <property name="user.language" value="de" />
    <property name="extras" value="extras" />
    <property name="build" value="build" />
    <property name="ant.file.type.marauroa" value="file" />
    <property name="build-coverage" value="build/coveragereport" />
    <property name="sun.boot.library.path" value="C:\Program Files\Java\jdk1.8.0_77\jre\bin" />
    <property name="ant.project.default-target" value="dist" />
    <property name="ant.project.name" value="marauroa" />
    <property name="build-classes" value="build/classes" />
    <property name="java.version" value="1.8.0_77" />
    <property name="version" value="3.9.5" />
    <property name="user.timezone" value="" />
    <property name="jarname" value="marauroa-3.9.5.jar" />
    <property name="sun.arch.data.model" value="64" />
    <property name="jetty_websocket_jar" value="libs/jetty-websocket-7.1.6.v20100715.jar" />
    <property name="java.endorsed.dirs" value="C:\Program Files\Java\jdk1.8.0_77\jre\lib\endorsed" />
    <property name="sun.cpu.isalist" value="amd64" />
    <property name="sun.jnu.encoding" value="Cp1252" />
    <property name="file.encoding.pkg" value="sun.io" />
    <property name="file.separator" value="\" />
    <property name="jetty_security_jar" value="libs/jetty-security-7.1.6.v20100715.jar" />
    <property name="java.specification.name" value="Java Platform API Specification" />
    <property name="java.class.version" value="52.0" />
    <property name="src" value="src" />
    <property name="user.country" value="AT" />
    <property name="java.home" value="C:\Program Files\Java\jdk1.8.0_77\jre" />
    <property name="java.vm.info" value="mixed mode" />
    <property name="exclude.web" value="**/web/*.*" />
    <property name="ant.file" value="D:\Joanneum\4_Semester\Projektarbeit1\HATman2\marauroa-master\build.xml" />
    <property name="os.version" value="10.0" />
    <property name="jnlp_jar" value="libs/jnlp.jar" />
    <property name="path.separator" value=";" />
    <property name="java.vm.version" value="25.77-b03" />
    <property name="docs" value="javadocs" />
    <property name="user.variant" value="" />
    <property name="test-server-ini" value="functional_tests/marauroa/clientconnect/testserver.ini" />
    <property name="ant.library.dir" value="C:\Program Files\apache-ant-1.9.7\lib" />
    <property name="java.awt.printerjob" value="sun.awt.windows.WPrinterJob" />
    <property name="sun.io.unicode.encoding" value="UnicodeLittle" />
    <property name="socketio_jar" value="libs/socketio-java-20110114.jar" />
    <property name="awt.toolkit" value="sun.awt.windows.WToolkit" />
    <property name="_jacoco.agentFile" value="C:\Users\anjab\AppData\Local\Temp\jacocoagent6679535126123211882.jar" />
    <property name="sun.stdout.encoding" value="cp850" />
    <property name="user.script" value="" />
    <property name="build-archive" value="build-archive" />
    <property name="user.home" value="C:\Users\anjab" />
    <property name="java.specification.vendor" value="Oracle Corporation" />
    <property name="ant.file.marauroa" value="D:\Joanneum\4_Semester\Projektarbeit1\HATman2\marauroa-master\build.xml" />
    <property name="h2_jar" value="libs/h2.jar" />
    <property name="java.library.path" value="C:\Program Files\Java\jdk1.8.0_77\jre\bin;C:\WINDOWS\Sun\Java\bin;C:\WINDOWS\system32;C:\WINDOWS;C:\ProgramData\Oracle\Java\javapath;C:\Program Files (x86)\Intel\iCLS Client\;C:\Program Files\Intel\iCLS Client\;C:\Windows\system32;C:\Windows;C:\Windows\System32\Wbem;C:\Windows\System32\WindowsPowerShell\v1.0\;C:\Program Files (x86)\Intel\Intel(R) Management Engine Components\DAL;C:\Program Files\Intel\Intel(R) Management Engine Components\DAL;C:\Program Files (x86)\Intel\Intel(R) Management Engine Components\IPT;C:\Program Files\Intel\Intel(R) Management Engine Components\IPT;C:\Program Files (x86)\NVIDIA Corporation\PhysX\Common;C:\Program Files\Intel\WiFi\bin\;C:\Program Files\Common Files\Intel\WirelessCommon\;C:\Program Files (x86)\Skype\Phone\;C:\Program Files (x86)\nodejs\;C:\Python34;C:\Python34\Scripts;C:\Python26;C:\Python26\Scripts;C:\Program Files\Git\cmd;C:\WINDOWS\system32;C:\WINDOWS;C:\WINDOWS\System32\Wbem;C:\WINDOWS\System32\WindowsPowerShell\v1.0\;C:\Program Files\TortoiseSVN\bin;C:\Python34;C:\Python34\Scripts;C:\Users\anjab\AppData\Roaming\npm;C:\Program Files (x86)\Java\jre1.8.0_77\bin;C:\Program Files (x86)\Java\jre1.8.0_77;C:\Program Files\Java\jdk1.8.0_77\bin;C:\Program Files\RabbitMQ Server\rabbitmq_server-3.6.1\sbin;C:\Program Files\MariaDB 10.1\bin;C:\MinGW\bin;JAVA_HOME;C:\Program Files\Java\jdk1.8.0_77\lib;C:\Program Files\apache-ant-1.9.7\bin;." />
    <property name="java.vendor.url" value="http://java.oracle.com/" />
    <property name="java.vm.vendor" value="Oracle Corporation" />
    <property name="build-client" value="build/client" />
    <property name="java.runtime.name" value="Java(TM) SE Runtime Environment" />
    <property name="jetty_http_jar" value="libs/jetty-http-7.1.6.v20100715.jar" />
    <property name="ant.version" value="Apache Ant(TM) version 1.9.7 compiled on April 9 2016" />
    <property name="java.class.path" value="D:\Joanneum\4_Semester\Projektarbeit1\HATman2\marauroa-master\libs\log4j.jar;D:\Joanneum\4_Semester\Projektarbeit1\HATman2\marauroa-master\libs\junit-4.4.jar;D:\Joanneum\4_Semester\Projektarbeit1\HATman2\marauroa-master\libs\jnlp.jar;D:\Joanneum\4_Semester\Projektarbeit1\HATman2\marauroa-master\libs\jython.jar;D:\Joanneum\4_Semester\Projektarbeit1\HATman2\marauroa-master\libs\jetty-client-9.2.14.v20151106.jar;D:\Joanneum\4_Semester\Projektarbeit1\HATman2\marauroa-master\libs\jetty-continuation-9.2.14.v20151106.jar;D:\Joanneum\4_Semester\Projektarbeit1\HATman2\marauroa-master\libs\jetty-http-9.2.14.v20151106.jar;D:\Joanneum\4_Semester\Projektarbeit1\HATman2\marauroa-master\libs\jetty-io-9.2.14.v20151106.jar;D:\Joanneum\4_Semester\Projektarbeit1\HATman2\marauroa-master\libs\jetty-security-9.2.14.v20151106.jar;D:\Joanneum\4_Semester\Projektarbeit1\HATman2\marauroa-master\libs\jetty-server-9.2.14.v20151106.jar;D:\Joanneum\4_Semester\Projektarbeit1\HATman2\marauroa-master\libs\jetty-servlet-9.2.14.v20151106.jar;D:\Joanneum\4_Semester\Projektarbeit1\HATman2\marauroa-master\libs\jetty-util-9.2.14.v20151106.jar;D:\Joanneum\4_Semester\Projektarbeit1\HATman2\marauroa-master\libs\jetty-webapp-9.2.14.v20151106.jar;D:\Joanneum\4_Semester\Projektarbeit1\HATman2\marauroa-master\libs\jetty-xml-9.2.14.v20151106.jar;D:\Joanneum\4_Semester\Projektarbeit1\HATman2\marauroa-master\libs\json-simple-1.1.1.jar;D:\Joanneum\4_Semester\Projektarbeit1\HATman2\marauroa-master\libs\servlet-api-3.1.jar;D:\Joanneum\4_Semester\Projektarbeit1\HATman2\marauroa-master\libs\websocket-api-9.2.5.v20141112.jar;D:\Joanneum\4_Semester\Projektarbeit1\HATman2\marauroa-master\libs\websocket-client-9.2.5.v20141112.jar;D:\Joanneum\4_Semester\Projektarbeit1\HATman2\marauroa-master\libs\websocket-common-9.2.5.v20141112.jar;D:\Joanneum\4_Semester\Projektarbeit1\HATman2\marauroa-master\libs\websocket-server-9.2.5.v20141112.jar;D:\Joanneum\4_Semester\Projektarbeit1\HATman2\marauroa-master\libs\websocket-servlet-9.2.5.v20141112.jar;D:\Joanneum\4_Semester\Projektarbeit1\HATman2\marauroa-master\build\classes;D:\Joanneum\4_Semester\Projektarbeit1\HATman2\marauroa-master\libs\h2.jar;D:\Joanneum\4_Semester\Projektarbeit1\HATman2\marauroa-master\build\tests;D:\Joanneum\4_Semester\Projektarbeit1\HATman2\marauroa-master;C:\Program Files\apache-ant-1.9.7\lib\ant-launcher.jar;C:\Program Files\apache-ant-1.9.7\lib\ant.jar;C:\Program Files\apache-ant-1.9.7\lib\ant-junit.jar;C:\Program Files\apache-ant-1.9.7\lib\ant-junit4.jar;C:\Users\anjab\AppData\Local\Temp\jacocoagent6679535126123211882.jar" />
    <property name="sun.java.command" value="org.apache.tools.ant.taskdefs.optional.junit.JUnitTestRunner testsfile=D:\Joanneum\4_Semester\Projektarbeit1\HATman2\marauroa-master\junittestcases4905650099080212523.properties skipNonTests=false filtertrace=true haltOnError=true haltOnFailure=true formatter=org.apache.tools.ant.taskdefs.optional.junit.SummaryJUnitResultFormatter showoutput=false outputtoformatters=true logfailedtests=true threadid=0 logtestlistenerevents=false formatter=org.apache.tools.ant.taskdefs.optional.junit.PlainJUnitResultFormatter formatter=org.apache.tools.ant.taskdefs.optional.junit.XMLJUnitResultFormatter,D:\Joanneum\4_Semester\Projektarbeit1\HATman2\marauroa-master\build\testreport\IGNORETHIS.xml crashfile=D:\Joanneum\4_Semester\Projektarbeit1\HATman2\marauroa-master\junitvmwatcher2919312338285385167.properties propsfile=D:\Joanneum\4_Semester\Projektarbeit1\HATman2\marauroa-master\junit4931660073434851780.properties" />
    <property name="java.vm.specification.name" value="Java Virtual Machine Specification" />
    <property name="jython_jar" value="libs/jython.jar" />
    <property name="ant.file.type" value="file" />
    <property name="java.vm.specification.version" value="1.8" />
    <property name="sun.os.patch.level" value="" />
    <property name="jetty_webapp_jar" value="libs/jetty-webapp-7.1.6.v20100715.jar" />
    <property name="sun.cpu.endian" value="little" />
    <property name="java.awt.headless" value="true" />
    <property name="jetty_io_jar" value="libs/jetty-io-7.1.6.v20100715.jar" />
    <property name="java.io.tmpdir" value="C:\Users\anjab\AppData\Local\Temp\" />
    <property name="servlet_jar" value="libs/servlet-api-2.5.jar" />
    <property name="java.vendor.url.bug" value="http://bugreport.sun.com/bugreport/" />
    <property name="build-tests-report" value="build/testreport" />
    <property name="os.arch" value="amd64" />
    <property name="java.awt.graphicsenv" value="sun.awt.Win32GraphicsEnvironment" />
    <property name="jetty_util_jar" value="libs/jetty-util-7.1.6.v20100715.jar" />
    <property name="java.ext.dirs" value="C:\Program Files\Java\jdk1.8.0_77\jre\lib\ext;C:\WINDOWS\Sun\Java\lib\ext" />
    <property name="user.dir" value="D:\Joanneum\4_Semester\Projektarbeit1\HATman2\marauroa-master" />
    <property name="jarname_client" value="marauroa-client-only-3.9.5.jar" />
    <property name="libdir" value="libs" />
    <property name="line.separator" value="&#xd;&#xa;" />
    <property name="java.vm.name" value="Java HotSpot(TM) 64-Bit Server VM" />
    <property name="jetty_servlet_jar" value="libs/jetty-servlet-7.1.6.v20100715.jar" />
    <property name="connectorJ_jar" value="libs/mysql-connector.jar" />
    <property name="basedir" value="D:\Joanneum\4_Semester\Projektarbeit1\HATman2\marauroa-master" />
    <property name="ant.java.version" value="1.8" />
    <property name="ant.core.lib" value="C:\Program Files\apache-ant-1.9.7\lib\ant.jar" />
    <property name="file.encoding" value="Cp1252" />
    <property name="sun.stderr.encoding" value="cp850" />
    <property name="src-test" value="tests" />
    <property name="jetty_client_jar" value="libs/jetty-client-7.1.6.v20100715.jar" />
    <property name="java.specification.version" value="1.8" />
    <property name="ant.project.invoked-targets" value="test" />
  </properties>
  <testcase classname="marauroa.common.game.RPObjectTest" name="testSerialization" time="0.0" />
  <testcase classname="marauroa.common.game.RPObjectTest" name="testBaseContainer" time="0.0" />
  <testcase classname="marauroa.common.game.RPObjectTest" name="testGetObjectFromSlots" time="0.0" />
  <testcase classname="marauroa.common.game.RPObjectTest" name="testClearVisibleAttributes" time="0.0" />
  <testcase classname="marauroa.common.game.RPObjectTest" name="testClearVisibleSlots" time="0.0" />
  <testcase classname="marauroa.common.game.RPObjectTest" name="testClearVisibleDelta2" time="0.0" />
  <testcase classname="marauroa.common.game.RPObjectTest" name="testPutInMapAttributeNotBeingMap" time="0.0" />
  <testcase classname="marauroa.common.game.RPObjectTest" name="testPutInMapAttribute" time="0.0" />
  <testcase classname="marauroa.common.game.RPObjectTest" name="testMapSerialization" time="0.0" />
  <testcase classname="marauroa.common.game.RPObjectTest" name="testMapSerializationTwoMaps" time="0.0" />
  <testcase classname="marauroa.common.game.RPObjectTest" name="testClone" time="0.0" />
  <testcase classname="marauroa.common.game.RPObjectTest" name="testRPLink" time="0.0" />
  <testcase classname="marauroa.common.game.RPObjectTest" name="testClearVisible" time="0.0" />
  <testcase classname="marauroa.common.game.RPObjectTest" name="testhasSlot" time="0.0" />
  <testcase classname="marauroa.common.game.RPObjectTest" name="testWriteToJson" time="0.016">
    <failure message="&#xa;Expected: &quot;\&quot;c\&quot;:\&quot;\&quot;,\&quot;a\&quot;:{\&quot;mykey\&quot;:\&quot;myvalue\&quot;},\&quot;s\&quot;:{\&quot;myslot\&quot;:[{\&quot;c\&quot;:\&quot;\&quot;,\&quot;a\&quot;:{\&quot;id\&quot;:\&quot;0\&quot;}},{\&quot;c\&quot;:\&quot;\&quot;,\&quot;a\&quot;:{\&quot;id\&quot;:\&quot;1\&quot;,\&quot;mychildkey\&quot;:\&quot;mychildvalue\&quot;}}]}&quot;&#xa;     got: &quot;\&quot;c\&quot;:\&quot;\&quot;,\&quot;a\&quot;:{\&quot;mykey\&quot;:\&quot;myvalue\&quot;},\&quot;s\&quot;:{\&quot;myslot\&quot;:[{\&quot;c\&quot;:\&quot;\&quot;,\&quot;a\&quot;:{\&quot;id\&quot;:\&quot;0\&quot;}},{\&quot;c\&quot;:\&quot;\&quot;,\&quot;a\&quot;:{\&quot;mychildkey\&quot;:\&quot;mychildvalue\&quot;,\&quot;id\&quot;:\&quot;1\&quot;}}]}&quot;&#xa;" type="junit.framework.AssertionFailedError">junit.framework.AssertionFailedError: 
Expected: &quot;\&quot;c\&quot;:\&quot;\&quot;,\&quot;a\&quot;:{\&quot;mykey\&quot;:\&quot;myvalue\&quot;},\&quot;s\&quot;:{\&quot;myslot\&quot;:[{\&quot;c\&quot;:\&quot;\&quot;,\&quot;a\&quot;:{\&quot;id\&quot;:\&quot;0\&quot;}},{\&quot;c\&quot;:\&quot;\&quot;,\&quot;a\&quot;:{\&quot;id\&quot;:\&quot;1\&quot;,\&quot;mychildkey\&quot;:\&quot;mychildvalue\&quot;}}]}&quot;
     got: &quot;\&quot;c\&quot;:\&quot;\&quot;,\&quot;a\&quot;:{\&quot;mykey\&quot;:\&quot;myvalue\&quot;},\&quot;s\&quot;:{\&quot;myslot\&quot;:[{\&quot;c\&quot;:\&quot;\&quot;,\&quot;a\&quot;:{\&quot;id\&quot;:\&quot;0\&quot;}},{\&quot;c\&quot;:\&quot;\&quot;,\&quot;a\&quot;:{\&quot;mychildkey\&quot;:\&quot;mychildvalue\&quot;,\&quot;id\&quot;:\&quot;1\&quot;}}]}&quot;

	at marauroa.common.game.RPObjectTest.testWriteToJson(RPObjectTest.java:421)
</failure>
  </testcase>
  <testcase classname="marauroa.common.game.RPObjectTest" name="testHasAsParent" time="0.0" />
  <testcase classname="marauroa.common.game.RPObjectTest" name="testSlotCapacity" time="0.0" />
  <testcase classname="marauroa.common.game.RPObjectTest" name="testRPObject" time="0.0" />
  <testcase classname="marauroa.common.game.RPObjectTest" name="testRPSlots" time="0.0" />
  <system-out><![CDATA[RPObject with Attributes of Class(): 
RPObject with Attributes of Class(): 
]]></system-out>
  <system-err><![CDATA[]]></system-err>
</testsuite>
